{"C:\\Users\\joann\\Documents\\bhatia\\fizzbuzz-unit-testing\\codewars.js": {"path":"C:\\Users\\joann\\Documents\\bhatia\\fizzbuzz-unit-testing\\codewars.js","statementMap":{"0":{"start":{"line":1,"column":17},"end":{"line":15,"column":1}},"1":{"start":{"line":2,"column":4},"end":{"line":14,"column":7}},"2":{"start":{"line":3,"column":8},"end":{"line":3,"column":17}},"3":{"start":{"line":4,"column":13},"end":{"line":14,"column":7}},"4":{"start":{"line":5,"column":8},"end":{"line":5,"column":17}},"5":{"start":{"line":6,"column":12},"end":{"line":14,"column":7}},"6":{"start":{"line":7,"column":8},"end":{"line":7,"column":17}},"7":{"start":{"line":8,"column":13},"end":{"line":14,"column":7}},"8":{"start":{"line":9,"column":8},"end":{"line":9,"column":17}},"9":{"start":{"line":10,"column":13},"end":{"line":14,"column":7}},"10":{"start":{"line":11,"column":8},"end":{"line":11,"column":37}},"11":{"start":{"line":13,"column":8},"end":{"line":13,"column":34}},"12":{"start":{"line":17,"column":0},"end":{"line":17,"column":26}}},"fnMap":{"0":{"name":"(anonymous_0)","decl":{"start":{"line":1,"column":17},"end":{"line":1,"column":18}},"loc":{"start":{"line":1,"column":28},"end":{"line":15,"column":1}},"line":1}},"branchMap":{"0":{"loc":{"start":{"line":2,"column":4},"end":{"line":14,"column":7}},"type":"if","locations":[{"start":{"line":2,"column":4},"end":{"line":14,"column":7}},{"start":{"line":4,"column":13},"end":{"line":14,"column":7}}],"line":2},"1":{"loc":{"start":{"line":2,"column":8},"end":{"line":2,"column":32}},"type":"binary-expr","locations":[{"start":{"line":2,"column":8},"end":{"line":2,"column":18}},{"start":{"line":2,"column":22},"end":{"line":2,"column":32}}],"line":2},"2":{"loc":{"start":{"line":4,"column":13},"end":{"line":14,"column":7}},"type":"if","locations":[{"start":{"line":4,"column":13},"end":{"line":14,"column":7}},{"start":{"line":6,"column":12},"end":{"line":14,"column":7}}],"line":4},"3":{"loc":{"start":{"line":4,"column":17},"end":{"line":4,"column":41}},"type":"binary-expr","locations":[{"start":{"line":4,"column":17},"end":{"line":4,"column":27}},{"start":{"line":4,"column":31},"end":{"line":4,"column":41}}],"line":4},"4":{"loc":{"start":{"line":6,"column":12},"end":{"line":14,"column":7}},"type":"if","locations":[{"start":{"line":6,"column":12},"end":{"line":14,"column":7}},{"start":{"line":8,"column":13},"end":{"line":14,"column":7}}],"line":6},"5":{"loc":{"start":{"line":6,"column":16},"end":{"line":6,"column":40}},"type":"binary-expr","locations":[{"start":{"line":6,"column":16},"end":{"line":6,"column":26}},{"start":{"line":6,"column":30},"end":{"line":6,"column":40}}],"line":6},"6":{"loc":{"start":{"line":8,"column":13},"end":{"line":14,"column":7}},"type":"if","locations":[{"start":{"line":8,"column":13},"end":{"line":14,"column":7}},{"start":{"line":10,"column":13},"end":{"line":14,"column":7}}],"line":8},"7":{"loc":{"start":{"line":8,"column":17},"end":{"line":8,"column":43}},"type":"binary-expr","locations":[{"start":{"line":8,"column":17},"end":{"line":8,"column":28}},{"start":{"line":8,"column":32},"end":{"line":8,"column":43}}],"line":8},"8":{"loc":{"start":{"line":10,"column":13},"end":{"line":14,"column":7}},"type":"if","locations":[{"start":{"line":10,"column":13},"end":{"line":14,"column":7}},{"start":{"line":12,"column":13},"end":{"line":14,"column":7}}],"line":10}},"s":{"0":1,"1":6,"2":1,"3":5,"4":1,"5":4,"6":1,"7":3,"8":1,"9":2,"10":1,"11":1,"12":1},"f":{"0":6},"b":{"0":[1,5],"1":[6,5],"2":[1,4],"3":[5,4],"4":[1,3],"5":[4,3],"6":[1,2],"7":[3,2],"8":[1,1]},"_coverageSchema":"1a1c01bbd47fc00a2c39e90264f33305004495a9","hash":"b611efb4410029610b0361782f91bb07ea1da847"}
,"C:\\Users\\joann\\Documents\\bhatia\\fizzbuzz-unit-testing\\fizzbuzz.js": {"path":"C:\\Users\\joann\\Documents\\bhatia\\fizzbuzz-unit-testing\\fizzbuzz.js","statementMap":{"0":{"start":{"line":1,"column":17},"end":{"line":13,"column":1}},"1":{"start":{"line":2,"column":4},"end":{"line":12,"column":5}},"2":{"start":{"line":3,"column":8},"end":{"line":3,"column":26}},"3":{"start":{"line":4,"column":11},"end":{"line":12,"column":5}},"4":{"start":{"line":5,"column":8},"end":{"line":5,"column":22}},"5":{"start":{"line":6,"column":11},"end":{"line":12,"column":5}},"6":{"start":{"line":7,"column":8},"end":{"line":7,"column":22}},"7":{"start":{"line":8,"column":11},"end":{"line":12,"column":5}},"8":{"start":{"line":9,"column":8},"end":{"line":9,"column":22}},"9":{"start":{"line":11,"column":8},"end":{"line":11,"column":37}},"10":{"start":{"line":16,"column":0},"end":{"line":16,"column":26}}},"fnMap":{"0":{"name":"(anonymous_0)","decl":{"start":{"line":1,"column":17},"end":{"line":1,"column":18}},"loc":{"start":{"line":1,"column":29},"end":{"line":13,"column":1}},"line":1}},"branchMap":{"0":{"loc":{"start":{"line":2,"column":4},"end":{"line":12,"column":5}},"type":"if","locations":[{"start":{"line":2,"column":4},"end":{"line":12,"column":5}},{"start":{"line":4,"column":11},"end":{"line":12,"column":5}}],"line":2},"1":{"loc":{"start":{"line":2,"column":7},"end":{"line":2,"column":41}},"type":"binary-expr","locations":[{"start":{"line":2,"column":7},"end":{"line":2,"column":22}},{"start":{"line":2,"column":26},"end":{"line":2,"column":41}}],"line":2},"2":{"loc":{"start":{"line":4,"column":11},"end":{"line":12,"column":5}},"type":"if","locations":[{"start":{"line":4,"column":11},"end":{"line":12,"column":5}},{"start":{"line":6,"column":11},"end":{"line":12,"column":5}}],"line":4},"3":{"loc":{"start":{"line":6,"column":11},"end":{"line":12,"column":5}},"type":"if","locations":[{"start":{"line":6,"column":11},"end":{"line":12,"column":5}},{"start":{"line":8,"column":11},"end":{"line":12,"column":5}}],"line":6},"4":{"loc":{"start":{"line":8,"column":11},"end":{"line":12,"column":5}},"type":"if","locations":[{"start":{"line":8,"column":11},"end":{"line":12,"column":5}},{"start":{"line":10,"column":11},"end":{"line":12,"column":5}}],"line":8},"5":{"loc":{"start":{"line":8,"column":15},"end":{"line":8,"column":50}},"type":"binary-expr","locations":[{"start":{"line":8,"column":15},"end":{"line":8,"column":31}},{"start":{"line":8,"column":35},"end":{"line":8,"column":50}}],"line":8}},"s":{"0":1,"1":5,"2":1,"3":4,"4":1,"5":3,"6":1,"7":2,"8":1,"9":1,"10":1},"f":{"0":5},"b":{"0":[1,4],"1":[5,2],"2":[1,3],"3":[1,2],"4":[1,1],"5":[2,1]},"_coverageSchema":"1a1c01bbd47fc00a2c39e90264f33305004495a9","hash":"3b7d6ed8cb8e14b7aea5d0fdb89d046114dbc6b9"}
}
