TN:
SF:codewars.js
FN:1,(anonymous_0)
FNF:1
FNH:1
FNDA:6,(anonymous_0)
DA:1,1
DA:2,6
DA:3,1
DA:4,5
DA:5,1
DA:6,4
DA:7,1
DA:8,3
DA:9,1
DA:10,2
DA:11,1
DA:13,1
DA:17,1
LF:13
LH:13
BRDA:2,0,0,1
BRDA:2,0,1,5
BRDA:2,1,0,6
BRDA:2,1,1,5
BRDA:4,2,0,1
BRDA:4,2,1,4
BRDA:4,3,0,5
BRDA:4,3,1,4
BRDA:6,4,0,1
BRDA:6,4,1,3
BRDA:6,5,0,4
BRDA:6,5,1,3
BRDA:8,6,0,1
BRDA:8,6,1,2
BRDA:8,7,0,3
BRDA:8,7,1,2
BRDA:10,8,0,1
BRDA:10,8,1,1
BRF:18
BRH:18
end_of_record
TN:
SF:fizzbuzz.js
FN:1,(anonymous_0)
FNF:1
FNH:1
FNDA:5,(anonymous_0)
DA:1,1
DA:2,5
DA:3,1
DA:4,4
DA:5,1
DA:6,3
DA:7,1
DA:8,2
DA:9,1
DA:11,1
DA:16,1
LF:11
LH:11
BRDA:2,0,0,1
BRDA:2,0,1,4
BRDA:2,1,0,5
BRDA:2,1,1,2
BRDA:4,2,0,1
BRDA:4,2,1,3
BRDA:6,3,0,1
BRDA:6,3,1,2
BRDA:8,4,0,1
BRDA:8,4,1,1
BRDA:8,5,0,2
BRDA:8,5,1,1
BRF:12
BRH:12
end_of_record
